<testsuite errors="0" failures="1" name="Django Project Tests" skips="0" tests="9" time="6.289"><testcase classname="brownfield_django.main.tests.test_models.BasicModelTest" name="test_dummy" time="0.000025" /><testcase classname="brownfield_django.main.tests.test_views.BasicTest" name="test_root" time="2.348981"><failure message="302 != 200" type="exceptions.AssertionError">Traceback (most recent call last):
  File "/home/cdunlop/brownfield_django/brownfield_django/main/tests/test_views.py", line 13, in test_root
    self.assertEquals(response.status_code, 200)
AssertionError: 302 != 200
</failure></testcase><testcase classname="brownfield_django.main.tests.test_views.BasicTest" name="test_smoketest" time="0.006257" /><testcase classname="brownfield_django.main.tests.test_views.PagetreeViewTestsLoggedIn" name="test_edit_page" time="3.401993" /><testcase classname="brownfield_django.main.tests.test_views.PagetreeViewTestsLoggedIn" name="test_instructor_page" time="0.247026" /><testcase classname="brownfield_django.main.tests.test_views.PagetreeViewTestsLoggedIn" name="test_page" time="0.192231" /><testcase classname="brownfield_django.main.tests.test_views.PagetreeViewTestsLoggedOut" name="test_edit_page" time="0.011537" /><testcase classname="brownfield_django.main.tests.test_views.PagetreeViewTestsLoggedOut" name="test_instructor_page" time="0.011251" /><testcase classname="brownfield_django.main.tests.test_views.PagetreeViewTestsLoggedOut" name="test_page" time="0.049344" /></testsuite>